====================
PHP ERROR
====================
Level of the error raised: 2
Error message: include_once(/../views/index.view.php): failed to open stream: No such file or directory
File: /var/www/html/adaptor/public/index.php
Line: 7
Time: Saturday 1st of June 2019 08:55:42 PM
Context:
Array
(
    [_GET] => Array
        (
        )

    [_POST] => Array
        (
        )

    [_COOKIE] => Array
        (
        )

    [_FILES] => Array
        (
        )

    [_ENV] => Array
        (
        )

    [_REQUEST] => Array
        (
        )

    [_SERVER] => Array
        (
            [HTTP_HOST] => adaptor.localhost
            [HTTP_USER_AGENT] => Mozilla/5.0 (X11; Linux x86_64; rv:68.0) Gecko/20100101 Firefox/68.0
            [HTTP_ACCEPT] => text/html,application/xhtml+xml,application/xml;q=0.9,*/*;q=0.8
            [HTTP_ACCEPT_LANGUAGE] => en-GB,en;q=0.5
            [HTTP_ACCEPT_ENCODING] => gzip, deflate
            [HTTP_REFERER] => http://adaptor.localhost/demo
            [HTTP_CONNECTION] => keep-alive
            [HTTP_UPGRADE_INSECURE_REQUESTS] => 1
            [HTTP_CACHE_CONTROL] => max-age=0
            [PATH] => /usr/local/sbin:/usr/local/bin:/usr/sbin:/usr/bin:/sbin:/bin:/snap/bin
            [SERVER_SIGNATURE] => <address>Apache/2.4.38 (Ubuntu) Server at adaptor.localhost Port 80</address>

            [SERVER_SOFTWARE] => Apache/2.4.38 (Ubuntu)
            [SERVER_NAME] => adaptor.localhost
            [SERVER_ADDR] => 127.0.0.1
            [SERVER_PORT] => 80
            [REMOTE_ADDR] => 127.0.0.1
            [DOCUMENT_ROOT] => /var/www/html/adaptor/public
            [REQUEST_SCHEME] => http
            [CONTEXT_PREFIX] => 
            [CONTEXT_DOCUMENT_ROOT] => /var/www/html/adaptor/public
            [SERVER_ADMIN] => webmaster@localhost
            [SCRIPT_FILENAME] => /var/www/html/adaptor/public/index.php
            [REMOTE_PORT] => 57452
            [GATEWAY_INTERFACE] => CGI/1.1
            [SERVER_PROTOCOL] => HTTP/1.1
            [REQUEST_METHOD] => GET
            [QUERY_STRING] => 
            [REQUEST_URI] => /
            [SCRIPT_NAME] => /index.php
            [PHP_SELF] => /index.php
            [REQUEST_TIME_FLOAT] => 1559418942.638
            [REQUEST_TIME] => 1559418942
        )

)

====================
PHP ERROR
====================
Level of the error raised: 2
Error message: include_once(): Failed opening '/../views/index.view.php' for inclusion (include_path='.:/usr/share/php')
File: /var/www/html/adaptor/public/index.php
Line: 7
Time: Saturday 1st of June 2019 08:55:42 PM
Context:
Array
(
    [_GET] => Array
        (
        )

    [_POST] => Array
        (
        )

    [_COOKIE] => Array
        (
        )

    [_FILES] => Array
        (
        )

    [_ENV] => Array
        (
        )

    [_REQUEST] => Array
        (
        )

    [_SERVER] => Array
        (
            [HTTP_HOST] => adaptor.localhost
            [HTTP_USER_AGENT] => Mozilla/5.0 (X11; Linux x86_64; rv:68.0) Gecko/20100101 Firefox/68.0
            [HTTP_ACCEPT] => text/html,application/xhtml+xml,application/xml;q=0.9,*/*;q=0.8
            [HTTP_ACCEPT_LANGUAGE] => en-GB,en;q=0.5
            [HTTP_ACCEPT_ENCODING] => gzip, deflate
            [HTTP_REFERER] => http://adaptor.localhost/demo
            [HTTP_CONNECTION] => keep-alive
            [HTTP_UPGRADE_INSECURE_REQUESTS] => 1
            [HTTP_CACHE_CONTROL] => max-age=0
            [PATH] => /usr/local/sbin:/usr/local/bin:/usr/sbin:/usr/bin:/sbin:/bin:/snap/bin
            [SERVER_SIGNATURE] => <address>Apache/2.4.38 (Ubuntu) Server at adaptor.localhost Port 80</address>

            [SERVER_SOFTWARE] => Apache/2.4.38 (Ubuntu)
            [SERVER_NAME] => adaptor.localhost
            [SERVER_ADDR] => 127.0.0.1
            [SERVER_PORT] => 80
            [REMOTE_ADDR] => 127.0.0.1
            [DOCUMENT_ROOT] => /var/www/html/adaptor/public
            [REQUEST_SCHEME] => http
            [CONTEXT_PREFIX] => 
            [CONTEXT_DOCUMENT_ROOT] => /var/www/html/adaptor/public
            [SERVER_ADMIN] => webmaster@localhost
            [SCRIPT_FILENAME] => /var/www/html/adaptor/public/index.php
            [REMOTE_PORT] => 57452
            [GATEWAY_INTERFACE] => CGI/1.1
            [SERVER_PROTOCOL] => HTTP/1.1
            [REQUEST_METHOD] => GET
            [QUERY_STRING] => 
            [REQUEST_URI] => /
            [SCRIPT_NAME] => /index.php
            [PHP_SELF] => /index.php
            [REQUEST_TIME_FLOAT] => 1559418942.638
            [REQUEST_TIME] => 1559418942
        )

)

====================
PHP ERROR
====================
Level of the error raised: 2
Error message: require(/var/www/html/adaptor/vendorPSR4.php): failed to open stream: No such file or directory
File: /var/www/html/adaptor/vendor/autoload.php
Line: 3
Time: Wednesday 5th of June 2019 11:30:33 PM
Context:
Array
(
    [_GET] => Array
        (
        )

    [_POST] => Array
        (
        )

    [_COOKIE] => Array
        (
        )

    [_FILES] => Array
        (
        )

    [_ENV] => Array
        (
        )

    [_REQUEST] => Array
        (
        )

    [_SERVER] => Array
        (
            [HTTP_HOST] => adaptor.localhost
            [HTTP_USER_AGENT] => Mozilla/5.0 (X11; Linux x86_64; rv:68.0) Gecko/20100101 Firefox/68.0
            [HTTP_ACCEPT] => text/html,application/xhtml+xml,application/xml;q=0.9,*/*;q=0.8
            [HTTP_ACCEPT_LANGUAGE] => en-GB,en;q=0.5
            [HTTP_ACCEPT_ENCODING] => gzip, deflate
            [HTTP_REFERER] => http://adaptor.localhost/demo
            [HTTP_CONNECTION] => keep-alive
            [HTTP_UPGRADE_INSECURE_REQUESTS] => 1
            [HTTP_CACHE_CONTROL] => max-age=0
            [PATH] => /usr/local/sbin:/usr/local/bin:/usr/sbin:/usr/bin:/sbin:/bin:/snap/bin
            [SERVER_SIGNATURE] => <address>Apache/2.4.38 (Ubuntu) Server at adaptor.localhost Port 80</address>

            [SERVER_SOFTWARE] => Apache/2.4.38 (Ubuntu)
            [SERVER_NAME] => adaptor.localhost
            [SERVER_ADDR] => 127.0.0.1
            [SERVER_PORT] => 80
            [REMOTE_ADDR] => 127.0.0.1
            [DOCUMENT_ROOT] => /var/www/html/adaptor/public/
            [REQUEST_SCHEME] => http
            [CONTEXT_PREFIX] => 
            [CONTEXT_DOCUMENT_ROOT] => /var/www/html/adaptor/public/
            [SERVER_ADMIN] => webmaster@localhost
            [SCRIPT_FILENAME] => /var/www/html/adaptor/public/index.php
            [REMOTE_PORT] => 57004
            [GATEWAY_INTERFACE] => CGI/1.1
            [SERVER_PROTOCOL] => HTTP/1.1
            [REQUEST_METHOD] => GET
            [QUERY_STRING] => 
            [REQUEST_URI] => /
            [SCRIPT_NAME] => /index.php
            [PHP_SELF] => /index.php
            [REQUEST_TIME_FLOAT] => 1559773833.072
            [REQUEST_TIME] => 1559773833
        )

)

